2016-11-29 09:49:49,253 [ModalContext] INFO  o.e.m.c.i.e.AbstractTransferListenerAdapter - Downloading https://repo.maven.apache.org/maven2/org/apache/maven/archetypes/maven-archetype-webapp/1.0/maven-archetype-webapp-1.0.jar
2016-11-29 09:49:49,314 [ModalContext] INFO  o.e.m.c.i.e.AbstractTransferListenerAdapter - Downloaded https://repo.maven.apache.org/maven2/org/apache/maven/archetypes/maven-archetype-webapp/1.0/maven-archetype-webapp-1.0.jar
2016-11-29 09:49:49,362 [ModalContext] INFO  o.e.m.c.i.e.AbstractTransferListenerAdapter - Downloading https://repo.maven.apache.org/maven2/org/apache/maven/archetypes/maven-archetype-webapp/1.0/maven-archetype-webapp-1.0.pom
2016-11-29 09:49:49,398 [ModalContext] INFO  o.e.m.c.i.e.AbstractTransferListenerAdapter - Downloaded https://repo.maven.apache.org/maven2/org/apache/maven/archetypes/maven-archetype-webapp/1.0/maven-archetype-webapp-1.0.pom
2016-11-29 09:51:32,781 [Worker-8] INFO  o.e.m.c.i.p.ProjectConfigurationManager - Collecting project info '/pom.xml' C:\Users\Kpadsala\trial\datafeed-engine\pom.xml
2016-11-29 09:51:36,923 [Worker-8] INFO  o.e.m.c.i.l.LifecycleMappingFactory - Using org.maven.ide.eclipse.wtp.WarLifecycleMapping lifecycle mapping for MavenProject: org.yds.smrutiApp:datafeed-engine:0.0.1-SNAPSHOT @ C:\Users\Kpadsala\trial\datafeed-engine\pom.xml.
2016-11-29 09:51:37,885 [Worker-8] INFO  o.e.m.j.i.AbstractJavaProjectConfigurator - Adding source folder /datafeed-engine/src/main/java
2016-11-29 09:51:37,885 [Worker-8] INFO  o.e.m.j.i.AbstractJavaProjectConfigurator - Adding resource folder /datafeed-engine/src/main/resources
2016-11-29 09:51:37,885 [Worker-8] INFO  o.e.m.j.i.AbstractJavaProjectConfigurator - Adding source folder /datafeed-engine/src/test/java
2016-11-29 09:51:40,606 [Worker-8] INFO  o.e.m.c.i.p.ProjectConfigurationManager - Imported and configured 1 project(s) in 7 sec
2016-11-29 09:51:41,667 [Worker-11] WARN  o.e.m.c.i.embedder.EclipseLogger - Using platform encoding (Cp1252 actually) to copy filtered resources, i.e. build is platform dependent!
2016-11-29 09:51:41,674 [Worker-11] INFO  o.e.m.c.i.embedder.EclipseLogger - Copying 0 resource
2016-11-29 09:51:41,676 [Worker-11] WARN  o.e.m.c.i.embedder.EclipseLogger - Using platform encoding (Cp1252 actually) to copy filtered resources, i.e. build is platform dependent!
2016-11-29 09:51:41,677 [Worker-11] INFO  o.e.m.c.i.embedder.EclipseLogger - skip non existing resourceDirectory C:\Users\Kpadsala\trial\datafeed-engine\src\test\resources
2016-11-29 09:52:21,252 [Worker-12] INFO  o.e.m.c.i.p.ProjectConfigurationManager - Update started
2016-11-29 09:52:21,941 [Worker-12] INFO  o.e.m.c.i.l.LifecycleMappingFactory - Using org.maven.ide.eclipse.wtp.WarLifecycleMapping lifecycle mapping for MavenProject: org.yds.smrutiApp:datafeed-engine:0.0.1-SNAPSHOT @ C:\Users\Kpadsala\trial\datafeed-engine\pom.xml.
2016-11-29 09:52:22,877 [Worker-12] INFO  o.e.m.j.i.AbstractJavaProjectConfigurator - Adding source folder /datafeed-engine/src/main/java
2016-11-29 09:52:22,877 [Worker-12] INFO  o.e.m.j.i.AbstractJavaProjectConfigurator - Adding resource folder /datafeed-engine/src/main/resources
2016-11-29 09:52:22,878 [Worker-12] INFO  o.e.m.j.i.AbstractJavaProjectConfigurator - Adding source folder /datafeed-engine/src/test/java
2016-11-29 09:52:23,836 [Worker-12] INFO  o.e.m.w.i.f.ResourceFilteringBuildParticipant - Cleaning filtered folder for datafeed-engine
2016-11-29 09:52:23,842 [Worker-12] INFO  o.e.m.c.i.p.ProjectConfigurationManager - Update completed: 2 sec
2016-11-29 09:52:24,101 [Worker-12] WARN  o.e.m.c.i.embedder.EclipseLogger - Using platform encoding (Cp1252 actually) to copy filtered resources, i.e. build is platform dependent!
2016-11-29 09:52:24,102 [Worker-12] INFO  o.e.m.c.i.embedder.EclipseLogger - Copying 0 resource
2016-11-29 09:52:24,104 [Worker-12] WARN  o.e.m.c.i.embedder.EclipseLogger - Using platform encoding (Cp1252 actually) to copy filtered resources, i.e. build is platform dependent!
2016-11-29 09:52:24,105 [Worker-12] INFO  o.e.m.c.i.embedder.EclipseLogger - skip non existing resourceDirectory C:\Users\Kpadsala\trial\datafeed-engine\src\test\resources
2016-11-29 09:52:48,835 [Worker-14] WARN  o.e.m.c.i.embedder.EclipseLogger - Using platform encoding (Cp1252 actually) to copy filtered resources, i.e. build is platform dependent!
2016-11-29 09:52:48,838 [Worker-14] INFO  o.e.m.c.i.embedder.EclipseLogger - Copying 0 resource
2016-11-29 09:52:48,839 [Worker-14] WARN  o.e.m.c.i.embedder.EclipseLogger - Using platform encoding (Cp1252 actually) to copy filtered resources, i.e. build is platform dependent!
2016-11-29 09:52:48,840 [Worker-14] INFO  o.e.m.c.i.embedder.EclipseLogger - skip non existing resourceDirectory C:\Users\Kpadsala\trial\datafeed-engine\src\test\resources
2016-11-29 09:53:02,287 [Worker-11] WARN  o.e.m.c.i.embedder.EclipseLogger - Using platform encoding (Cp1252 actually) to copy filtered resources, i.e. build is platform dependent!
2016-11-29 09:53:02,289 [Worker-11] INFO  o.e.m.c.i.embedder.EclipseLogger - Copying 0 resource
2016-11-29 09:53:02,290 [Worker-11] WARN  o.e.m.c.i.embedder.EclipseLogger - Using platform encoding (Cp1252 actually) to copy filtered resources, i.e. build is platform dependent!
2016-11-29 09:53:02,291 [Worker-11] INFO  o.e.m.c.i.embedder.EclipseLogger - skip non existing resourceDirectory C:\Users\Kpadsala\trial\datafeed-engine\src\test\resources
2016-11-29 09:53:27,169 [Worker-15] WARN  o.e.m.c.i.embedder.EclipseLogger - Using platform encoding (Cp1252 actually) to copy filtered resources, i.e. build is platform dependent!
2016-11-29 09:53:27,171 [Worker-15] INFO  o.e.m.c.i.embedder.EclipseLogger - Copying 0 resource
2016-11-29 09:53:27,172 [Worker-15] WARN  o.e.m.c.i.embedder.EclipseLogger - Using platform encoding (Cp1252 actually) to copy filtered resources, i.e. build is platform dependent!
2016-11-29 09:53:27,173 [Worker-15] INFO  o.e.m.c.i.embedder.EclipseLogger - skip non existing resourceDirectory C:\Users\Kpadsala\trial\datafeed-engine\src\test\resources
2016-11-29 09:53:33,460 [Worker-15] WARN  o.e.m.c.i.embedder.EclipseLogger - Using platform encoding (Cp1252 actually) to copy filtered resources, i.e. build is platform dependent!
2016-11-29 09:53:33,462 [Worker-15] INFO  o.e.m.c.i.embedder.EclipseLogger - Copying 0 resource
2016-11-29 09:53:33,464 [Worker-15] WARN  o.e.m.c.i.embedder.EclipseLogger - Using platform encoding (Cp1252 actually) to copy filtered resources, i.e. build is platform dependent!
2016-11-29 09:53:33,466 [Worker-15] INFO  o.e.m.c.i.embedder.EclipseLogger - skip non existing resourceDirectory C:\Users\Kpadsala\trial\datafeed-engine\src\test\resources
2016-11-29 09:54:35,866 [Worker-8] INFO  o.e.m.c.i.l.LifecycleMappingFactory - Using org.maven.ide.eclipse.wtp.WarLifecycleMapping lifecycle mapping for MavenProject: org.yds.smrutiApp:datafeed-engine:0.0.1-SNAPSHOT @ C:\Users\Kpadsala\trial\datafeed-engine\pom.xml.
2016-11-29 09:54:35,965 [Worker-8] INFO  o.e.m.c.i.e.AbstractTransferListenerAdapter - Downloading http://nexus.esprida.com:8081/nexus/content/groups/public/com/sun/jersey/jersey-server/1.19/jersey-server-1.19.pom
2016-11-29 09:54:35,997 [Worker-8] INFO  o.e.m.c.i.e.AbstractTransferListenerAdapter - Downloaded http://nexus.esprida.com:8081/nexus/content/groups/public/com/sun/jersey/jersey-server/1.19/jersey-server-1.19.pom
2016-11-29 09:54:36,068 [Worker-8] INFO  o.e.m.c.i.e.AbstractTransferListenerAdapter - Downloading http://nexus.esprida.com:8081/nexus/content/groups/public/com/sun/jersey/jersey-project/1.19/jersey-project-1.19.pom
2016-11-29 09:54:36,105 [Worker-8] INFO  o.e.m.c.i.e.AbstractTransferListenerAdapter - Downloaded http://nexus.esprida.com:8081/nexus/content/groups/public/com/sun/jersey/jersey-project/1.19/jersey-project-1.19.pom
2016-11-29 09:54:36,154 [Worker-8] INFO  o.e.m.c.i.e.AbstractTransferListenerAdapter - Downloading http://nexus.esprida.com:8081/nexus/content/groups/public/com/sun/jersey/jersey-core/1.19/jersey-core-1.19.pom
2016-11-29 09:54:36,186 [Worker-8] INFO  o.e.m.c.i.e.AbstractTransferListenerAdapter - Downloaded http://nexus.esprida.com:8081/nexus/content/groups/public/com/sun/jersey/jersey-core/1.19/jersey-core-1.19.pom
2016-11-29 09:54:36,280 [Worker-8] INFO  o.e.m.c.i.e.AbstractTransferListenerAdapter - Downloading http://nexus.esprida.com:8081/nexus/content/groups/public/com/sun/jersey/jersey-servlet/1.19/jersey-servlet-1.19.pom
2016-11-29 09:54:36,312 [Worker-8] INFO  o.e.m.c.i.e.AbstractTransferListenerAdapter - Downloaded http://nexus.esprida.com:8081/nexus/content/groups/public/com/sun/jersey/jersey-servlet/1.19/jersey-servlet-1.19.pom
2016-11-29 09:54:36,511 [Worker-8] INFO  o.e.m.c.i.e.AbstractTransferListenerAdapter - Downloading http://nexus.esprida.com:8081/nexus/content/groups/public/org/apache/tomcat/servlet-api/6.0.44/servlet-api-6.0.44.pom
2016-11-29 09:54:36,534 [Worker-8] INFO  o.e.m.c.i.e.AbstractTransferListenerAdapter - Downloaded http://nexus.esprida.com:8081/nexus/content/groups/public/org/apache/tomcat/servlet-api/6.0.44/servlet-api-6.0.44.pom
2016-11-29 09:54:36,618 [Worker-8] INFO  o.e.m.c.i.e.AbstractTransferListenerAdapter - Downloading http://nexus.esprida.com:8081/nexus/content/groups/public/com/sun/jersey/jersey-server/1.19/jersey-server-1.19.jar
2016-11-29 09:54:36,839 [Worker-8] INFO  o.e.m.c.i.e.AbstractTransferListenerAdapter - Downloaded http://nexus.esprida.com:8081/nexus/content/groups/public/com/sun/jersey/jersey-server/1.19/jersey-server-1.19.jar
2016-11-29 09:54:36,876 [Worker-8] INFO  o.e.m.c.i.e.AbstractTransferListenerAdapter - Downloading http://nexus.esprida.com:8081/nexus/content/groups/public/com/sun/jersey/jersey-core/1.19/jersey-core-1.19.jar
2016-11-29 09:54:37,047 [Worker-8] INFO  o.e.m.c.i.e.AbstractTransferListenerAdapter - Downloaded http://nexus.esprida.com:8081/nexus/content/groups/public/com/sun/jersey/jersey-core/1.19/jersey-core-1.19.jar
2016-11-29 09:54:37,111 [Worker-8] INFO  o.e.m.c.i.e.AbstractTransferListenerAdapter - Downloading http://nexus.esprida.com:8081/nexus/content/groups/public/com/sun/jersey/jersey-servlet/1.19/jersey-servlet-1.19.jar
2016-11-29 09:54:37,344 [Worker-8] INFO  o.e.m.c.i.e.AbstractTransferListenerAdapter - Downloaded http://nexus.esprida.com:8081/nexus/content/groups/public/com/sun/jersey/jersey-servlet/1.19/jersey-servlet-1.19.jar
2016-11-29 09:54:37,470 [Worker-8] INFO  o.e.m.c.i.e.AbstractTransferListenerAdapter - Downloading http://nexus.esprida.com:8081/nexus/content/groups/public/org/apache/tomcat/servlet-api/6.0.44/servlet-api-6.0.44.jar
2016-11-29 09:54:37,585 [Worker-8] INFO  o.e.m.c.i.e.AbstractTransferListenerAdapter - Downloaded http://nexus.esprida.com:8081/nexus/content/groups/public/org/apache/tomcat/servlet-api/6.0.44/servlet-api-6.0.44.jar
2016-11-29 09:54:38,984 [Worker-8] WARN  o.e.m.c.i.embedder.EclipseLogger - Using platform encoding (Cp1252 actually) to copy filtered resources, i.e. build is platform dependent!
2016-11-29 09:54:38,987 [Worker-8] INFO  o.e.m.c.i.embedder.EclipseLogger - Copying 0 resource
2016-11-29 09:54:38,989 [Worker-8] WARN  o.e.m.c.i.embedder.EclipseLogger - Using platform encoding (Cp1252 actually) to copy filtered resources, i.e. build is platform dependent!
2016-11-29 09:54:38,990 [Worker-8] INFO  o.e.m.c.i.embedder.EclipseLogger - skip non existing resourceDirectory C:\Users\Kpadsala\trial\datafeed-engine\src\test\resources
2016-11-29 09:54:38,990 [Worker-8] INFO  o.e.m.w.i.f.ResourceFilteringBuildParticipant - Changed resources require a complete clean of filtered resources of datafeed-engine
2016-11-29 09:54:38,991 [Worker-8] INFO  o.e.m.w.i.f.ResourceFilteringBuildParticipant - Executing resource filtering for datafeed-engine
2016-11-29 09:54:38,995 [Worker-8] WARN  o.e.m.c.i.embedder.EclipseLogger - Using platform encoding (Cp1252 actually) to copy filtered resources, i.e. build is platform dependent!
2016-11-29 09:54:40,130 [Worker-8] WARN  o.e.m.c.i.embedder.EclipseLogger - Using platform encoding (Cp1252 actually) to copy filtered resources, i.e. build is platform dependent!
2016-11-29 09:54:40,131 [Worker-8] INFO  o.e.m.c.i.embedder.EclipseLogger - Copying 0 resource
2016-11-29 09:54:40,133 [Worker-8] WARN  o.e.m.c.i.embedder.EclipseLogger - Using platform encoding (Cp1252 actually) to copy filtered resources, i.e. build is platform dependent!
2016-11-29 09:54:40,134 [Worker-8] INFO  o.e.m.c.i.embedder.EclipseLogger - skip non existing resourceDirectory C:\Users\Kpadsala\trial\datafeed-engine\src\test\resources
2016-11-29 10:02:09,468 [Worker-3] WARN  o.e.m.c.i.embedder.EclipseLogger - Using platform encoding (Cp1252 actually) to copy filtered resources, i.e. build is platform dependent!
2016-11-29 10:02:09,477 [Worker-3] INFO  o.e.m.c.i.embedder.EclipseLogger - Copying 0 resource
2016-11-29 10:02:09,479 [Worker-3] WARN  o.e.m.c.i.embedder.EclipseLogger - Using platform encoding (Cp1252 actually) to copy filtered resources, i.e. build is platform dependent!
2016-11-29 10:02:09,480 [Worker-3] INFO  o.e.m.c.i.embedder.EclipseLogger - skip non existing resourceDirectory C:\Users\Kpadsala\trial\datafeed-engine\src\test\resources
2016-11-29 10:03:56,923 [Worker-1] WARN  o.e.m.c.i.embedder.EclipseLogger - Using platform encoding (Cp1252 actually) to copy filtered resources, i.e. build is platform dependent!
2016-11-29 10:03:56,932 [Worker-1] INFO  o.e.m.c.i.embedder.EclipseLogger - Copying 0 resource
2016-11-29 10:03:56,933 [Worker-1] WARN  o.e.m.c.i.embedder.EclipseLogger - Using platform encoding (Cp1252 actually) to copy filtered resources, i.e. build is platform dependent!
2016-11-29 10:03:56,935 [Worker-1] INFO  o.e.m.c.i.embedder.EclipseLogger - skip non existing resourceDirectory C:\Users\Kpadsala\trial\datafeed-engine\src\test\resources
2016-11-29 11:01:33,120 [Worker-11] WARN  o.e.m.c.i.embedder.EclipseLogger - Using platform encoding (Cp1252 actually) to copy filtered resources, i.e. build is platform dependent!
2016-11-29 11:01:33,127 [Worker-11] INFO  o.e.m.c.i.embedder.EclipseLogger - Copying 0 resource
2016-11-29 11:01:33,128 [Worker-11] WARN  o.e.m.c.i.embedder.EclipseLogger - Using platform encoding (Cp1252 actually) to copy filtered resources, i.e. build is platform dependent!
2016-11-29 11:01:33,129 [Worker-11] INFO  o.e.m.c.i.embedder.EclipseLogger - skip non existing resourceDirectory C:\Users\Kpadsala\trial\datafeed-engine\src\test\resources
2016-11-29 11:02:36,959 [Worker-11] WARN  o.e.m.c.i.embedder.EclipseLogger - Using platform encoding (Cp1252 actually) to copy filtered resources, i.e. build is platform dependent!
2016-11-29 11:02:36,961 [Worker-11] INFO  o.e.m.c.i.embedder.EclipseLogger - Copying 0 resource
2016-11-29 11:02:36,962 [Worker-11] WARN  o.e.m.c.i.embedder.EclipseLogger - Using platform encoding (Cp1252 actually) to copy filtered resources, i.e. build is platform dependent!
2016-11-29 11:02:36,963 [Worker-11] INFO  o.e.m.c.i.embedder.EclipseLogger - skip non existing resourceDirectory C:\Users\Kpadsala\trial\datafeed-engine\src\test\resources
2016-11-29 11:02:48,680 [Worker-24] WARN  o.e.m.c.i.embedder.EclipseLogger - Using platform encoding (Cp1252 actually) to copy filtered resources, i.e. build is platform dependent!
2016-11-29 11:02:48,682 [Worker-24] INFO  o.e.m.c.i.embedder.EclipseLogger - Copying 0 resource
2016-11-29 11:02:48,683 [Worker-24] WARN  o.e.m.c.i.embedder.EclipseLogger - Using platform encoding (Cp1252 actually) to copy filtered resources, i.e. build is platform dependent!
2016-11-29 11:02:48,684 [Worker-24] INFO  o.e.m.c.i.embedder.EclipseLogger - skip non existing resourceDirectory C:\Users\Kpadsala\trial\datafeed-engine\src\test\resources
2016-11-29 11:10:35,242 [Worker-59] WARN  o.e.m.c.i.embedder.EclipseLogger - Using platform encoding (Cp1252 actually) to copy filtered resources, i.e. build is platform dependent!
2016-11-29 11:10:35,243 [Worker-59] INFO  o.e.m.c.i.embedder.EclipseLogger - Copying 0 resource
2016-11-29 11:10:35,244 [Worker-59] WARN  o.e.m.c.i.embedder.EclipseLogger - Using platform encoding (Cp1252 actually) to copy filtered resources, i.e. build is platform dependent!
2016-11-29 11:10:35,245 [Worker-59] INFO  o.e.m.c.i.embedder.EclipseLogger - skip non existing resourceDirectory C:\Users\Kpadsala\trial\datafeed-engine\src\test\resources
2016-11-29 11:22:04,825 [Worker-68] WARN  o.e.m.c.i.embedder.EclipseLogger - Using platform encoding (Cp1252 actually) to copy filtered resources, i.e. build is platform dependent!
2016-11-29 11:22:04,826 [Worker-68] INFO  o.e.m.c.i.embedder.EclipseLogger - Copying 0 resource
2016-11-29 11:22:04,828 [Worker-68] WARN  o.e.m.c.i.embedder.EclipseLogger - Using platform encoding (Cp1252 actually) to copy filtered resources, i.e. build is platform dependent!
2016-11-29 11:22:04,829 [Worker-68] INFO  o.e.m.c.i.embedder.EclipseLogger - skip non existing resourceDirectory C:\Users\Kpadsala\trial\datafeed-engine\src\test\resources
2016-11-29 12:01:01,670 [Worker-81] WARN  o.e.m.c.i.embedder.EclipseLogger - Using platform encoding (Cp1252 actually) to copy filtered resources, i.e. build is platform dependent!
2016-11-29 12:01:01,672 [Worker-81] INFO  o.e.m.c.i.embedder.EclipseLogger - Copying 0 resource
2016-11-29 12:01:01,673 [Worker-81] WARN  o.e.m.c.i.embedder.EclipseLogger - Using platform encoding (Cp1252 actually) to copy filtered resources, i.e. build is platform dependent!
2016-11-29 12:01:01,676 [Worker-81] INFO  o.e.m.c.i.embedder.EclipseLogger - skip non existing resourceDirectory C:\Users\Kpadsala\trial\datafeed-engine\src\test\resources
2016-11-29 12:02:40,713 [Worker-82] WARN  o.e.m.c.i.embedder.EclipseLogger - Using platform encoding (Cp1252 actually) to copy filtered resources, i.e. build is platform dependent!
2016-11-29 12:02:40,714 [Worker-82] INFO  o.e.m.c.i.embedder.EclipseLogger - Copying 0 resource
2016-11-29 12:02:40,715 [Worker-82] WARN  o.e.m.c.i.embedder.EclipseLogger - Using platform encoding (Cp1252 actually) to copy filtered resources, i.e. build is platform dependent!
2016-11-29 12:02:40,717 [Worker-82] INFO  o.e.m.c.i.embedder.EclipseLogger - skip non existing resourceDirectory C:\Users\Kpadsala\trial\datafeed-engine\src\test\resources
2016-11-29 12:04:00,934 [Worker-84] WARN  o.e.m.c.i.embedder.EclipseLogger - Using platform encoding (Cp1252 actually) to copy filtered resources, i.e. build is platform dependent!
2016-11-29 12:04:00,935 [Worker-84] INFO  o.e.m.c.i.embedder.EclipseLogger - Copying 0 resource
2016-11-29 12:04:00,936 [Worker-84] WARN  o.e.m.c.i.embedder.EclipseLogger - Using platform encoding (Cp1252 actually) to copy filtered resources, i.e. build is platform dependent!
2016-11-29 12:04:00,937 [Worker-84] INFO  o.e.m.c.i.embedder.EclipseLogger - skip non existing resourceDirectory C:\Users\Kpadsala\trial\datafeed-engine\src\test\resources
2016-11-29 12:05:57,206 [Worker-88] WARN  o.e.m.c.i.embedder.EclipseLogger - Using platform encoding (Cp1252 actually) to copy filtered resources, i.e. build is platform dependent!
2016-11-29 12:05:57,208 [Worker-88] INFO  o.e.m.c.i.embedder.EclipseLogger - Copying 0 resource
2016-11-29 12:05:57,209 [Worker-88] WARN  o.e.m.c.i.embedder.EclipseLogger - Using platform encoding (Cp1252 actually) to copy filtered resources, i.e. build is platform dependent!
2016-11-29 12:05:57,210 [Worker-88] INFO  o.e.m.c.i.embedder.EclipseLogger - skip non existing resourceDirectory C:\Users\Kpadsala\trial\datafeed-engine\src\test\resources
2016-11-29 12:49:43,677 [Worker-90] WARN  o.e.m.c.i.embedder.EclipseLogger - Using platform encoding (Cp1252 actually) to copy filtered resources, i.e. build is platform dependent!
2016-11-29 12:49:43,679 [Worker-90] INFO  o.e.m.c.i.embedder.EclipseLogger - Copying 0 resource
2016-11-29 12:49:43,680 [Worker-90] WARN  o.e.m.c.i.embedder.EclipseLogger - Using platform encoding (Cp1252 actually) to copy filtered resources, i.e. build is platform dependent!
2016-11-29 12:49:43,681 [Worker-90] INFO  o.e.m.c.i.embedder.EclipseLogger - skip non existing resourceDirectory C:\Users\Kpadsala\trial\datafeed-engine\src\test\resources
2016-11-29 12:49:45,409 [Worker-93] WARN  o.e.m.c.i.embedder.EclipseLogger - Using platform encoding (Cp1252 actually) to copy filtered resources, i.e. build is platform dependent!
2016-11-29 12:49:45,410 [Worker-93] INFO  o.e.m.c.i.embedder.EclipseLogger - Copying 0 resource
2016-11-29 12:49:45,411 [Worker-93] WARN  o.e.m.c.i.embedder.EclipseLogger - Using platform encoding (Cp1252 actually) to copy filtered resources, i.e. build is platform dependent!
2016-11-29 12:49:45,412 [Worker-93] INFO  o.e.m.c.i.embedder.EclipseLogger - skip non existing resourceDirectory C:\Users\Kpadsala\trial\datafeed-engine\src\test\resources
2016-11-29 12:50:34,940 [Worker-93] WARN  o.e.m.c.i.embedder.EclipseLogger - Using platform encoding (Cp1252 actually) to copy filtered resources, i.e. build is platform dependent!
2016-11-29 12:50:34,941 [Worker-93] INFO  o.e.m.c.i.embedder.EclipseLogger - Copying 0 resource
2016-11-29 12:50:34,943 [Worker-93] WARN  o.e.m.c.i.embedder.EclipseLogger - Using platform encoding (Cp1252 actually) to copy filtered resources, i.e. build is platform dependent!
2016-11-29 12:50:34,944 [Worker-93] INFO  o.e.m.c.i.embedder.EclipseLogger - skip non existing resourceDirectory C:\Users\Kpadsala\trial\datafeed-engine\src\test\resources
2016-11-29 15:29:52,161 [Worker-4] WARN  o.e.m.c.i.embedder.EclipseLogger - Using platform encoding (Cp1252 actually) to copy filtered resources, i.e. build is platform dependent!
2016-11-29 15:29:52,216 [Worker-4] INFO  o.e.m.c.i.embedder.EclipseLogger - Copying 0 resource
2016-11-29 15:29:52,219 [Worker-4] WARN  o.e.m.c.i.embedder.EclipseLogger - Using platform encoding (Cp1252 actually) to copy filtered resources, i.e. build is platform dependent!
2016-11-29 15:29:52,220 [Worker-4] INFO  o.e.m.c.i.embedder.EclipseLogger - skip non existing resourceDirectory C:\Users\Kpadsala\trial\datafeed-engine\src\test\resources
